Logging setup to /tmp/sftp-server-setup_2021-02-22-09:09:19.log
New password: 
BAD PASSWORD: The password is a palindrome
Retype new password: 
Changing password for user student2.
passwd: all authentication tokens updated successfully.
Loaded plugins: fastestmirror
Loading mirror speeds from cached hostfile
 * base: mirrors.bytes.ua
 * epel: mirror.yandex.ru
 * extras: mirrors.bytes.ua
 * updates: mirrors.bytes.ua
No packages marked for update
Loaded plugins: fastestmirror
Loading mirror speeds from cached hostfile
 * base: mirrors.bytes.ua
 * epel: mirror.yandex.ru
 * extras: mirrors.bytes.ua
 * updates: mirrors.bytes.ua
Package epel-release-7-13.noarch already installed and latest version
Nothing to do
Loaded plugins: fastestmirror
Loading mirror speeds from cached hostfile
 * base: mirrors.bytes.ua
 * epel: mirror.yandex.ru
 * extras: mirrors.bytes.ua
 * updates: mirrors.bytes.ua
Package vsftpd-3.0.2-28.el7.x86_64 already installed and latest version
Nothing to do
Loaded plugins: fastestmirror
Loading mirror speeds from cached hostfile
 * base: mirrors.bytes.ua
 * epel: mirror.hostnet.nl
 * extras: mirrors.bytes.ua
 * updates: mirrors.bytes.ua
Package ftp-0.17-67.el7.x86_64 already installed and latest version
Nothing to do
Warning: ALREADY_ENABLED: 21:tcp
success
Warning: ALREADY_ENABLED: ftp
success
Warning: ALREADY_ENABLED: 10000-10001:tcp
success
success
student2
student2
New password: 
BAD PASSWORD: The password is a palindrome
Retype new password: 
Changing password for user test12.
passwd: all authentication tokens updated successfully.
test12
=============ftp===============
Cloning into 'DevOps'...
* dev
  polyakpavlo_25021982
Switched to branch 'polyakpavlo_25021982'
Branch polyakpavlo_25021982 set up to track remote branch dev from origin.
Already up-to-date.
cp: omitting directory ‘autoftp’
cp: omitting directory ‘bashi’
cp: omitting directory ‘conf’
cp: omitting directory ‘lesson3’
cp: omitting directory ‘py’
cp: omitting directory ‘src’
