Logging setup to /tmp/sftp-server-setup_2021-02-22-08:03:46.log
New password: 
BAD PASSWORD: The password is a palindrome
Retype new password: 
Changing password for user user29.
passwd: all authentication tokens updated successfully.
Loaded plugins: fastestmirror
Loading mirror speeds from cached hostfile
 * base: mirrors.bytes.ua
 * epel: mirror.yandex.ru
 * extras: mirrors.bytes.ua
 * updates: mirrors.bytes.ua
No packages marked for update
Loaded plugins: fastestmirror
Loading mirror speeds from cached hostfile
 * base: mirrors.bytes.ua
 * epel: mirror.yandex.ru
 * extras: mirrors.bytes.ua
 * updates: mirrors.bytes.ua
Package epel-release-7-13.noarch already installed and latest version
Nothing to do
Loaded plugins: fastestmirror
Loading mirror speeds from cached hostfile
 * base: mirrors.bytes.ua
 * epel: mirror.yandex.ru
 * extras: mirrors.bytes.ua
 * updates: mirrors.bytes.ua
Package vsftpd-3.0.2-28.el7.x86_64 already installed and latest version
Nothing to do
Loaded plugins: fastestmirror
Loading mirror speeds from cached hostfile
 * base: mirrors.bytes.ua
 * epel: mirrors.mivocloud.com
 * extras: mirrors.bytes.ua
 * updates: mirrors.bytes.ua
Package ftp-0.17-67.el7.x86_64 already installed and latest version
Nothing to do
Warning: ALREADY_ENABLED: 21:tcp
success
Warning: ALREADY_ENABLED: ftp
success
Warning: ALREADY_ENABLED: 10000-10001:tcp
success
success
user29
user29
New password: 
BAD PASSWORD: The password is a palindrome
Retype new password: 
Changing password for user testuser9.
passwd: all authentication tokens updated successfully.
testuser9
=============ftp===============
Cloning into 'DevOps'...
* dev
  polyakpavlo_25021982
Switched to branch 'polyakpavlo_25021982'
cp: cannot stat ‘/etc/tmp/’: No such file or directory
cp: cannot stat ‘grep’: No such file or directory
cp: cannot stat ‘*.log’: No such file or directory
