Logging setup to /tmp/sftp-server-setup_2021-02-22-09:01:45.log
New password: 
BAD PASSWORD: The password is a palindrome
Retype new password: 
Changing password for user student.
passwd: all authentication tokens updated successfully.
Loaded plugins: fastestmirror
Loading mirror speeds from cached hostfile
 * base: mirrors.bytes.ua
 * epel: mirror.init7.net
 * extras: mirrors.bytes.ua
 * updates: mirrors.bytes.ua
No packages marked for update
Loaded plugins: fastestmirror
Loading mirror speeds from cached hostfile
 * base: mirrors.bytes.ua
 * epel: mirror.dogado.de
 * extras: mirrors.bytes.ua
 * updates: mirrors.bytes.ua
Package epel-release-7-13.noarch already installed and latest version
Nothing to do
Loaded plugins: fastestmirror
Loading mirror speeds from cached hostfile
 * base: mirrors.bytes.ua
 * epel: mirror.yandex.ru
 * extras: mirrors.bytes.ua
 * updates: mirrors.bytes.ua
Package vsftpd-3.0.2-28.el7.x86_64 already installed and latest version
Nothing to do
Loaded plugins: fastestmirror
Loading mirror speeds from cached hostfile
 * base: mirrors.bytes.ua
 * epel: mirror.yandex.ru
 * extras: mirrors.bytes.ua
 * updates: mirrors.bytes.ua
Package ftp-0.17-67.el7.x86_64 already installed and latest version
Nothing to do
Warning: ALREADY_ENABLED: 21:tcp
success
Warning: ALREADY_ENABLED: ftp
success
Warning: ALREADY_ENABLED: 10000-10001:tcp
success
success
student
student
New password: 
BAD PASSWORD: The password is a palindrome
Retype new password: 
Changing password for user test10.
passwd: all authentication tokens updated successfully.
test10
=============ftp===============
Cloning into 'DevOps'...
* dev
  polyakpavlo_25021982
Switched to branch 'polyakpavlo_25021982'
There is no tracking information for the current branch.
Please specify which branch you want to merge with.
See git-pull(1) for details

    git pull <remote> <branch>

If you wish to set tracking information for this branch you can do so with:

    git branch --set-upstream-to=origin/<branch> polyakpavlo_25021982

