Logging setup to /tmp/sftp-server-setup_2021-02-22-07:40:25.log
New password: 
BAD PASSWORD: The password is a palindrome
Retype new password: 
Changing password for user user24.
passwd: all authentication tokens updated successfully.
Loaded plugins: fastestmirror
Loading mirror speeds from cached hostfile
 * base: mirrors.bytes.ua
 * epel: mirror.init7.net
 * extras: mirrors.bytes.ua
 * updates: mirrors.bytes.ua
No packages marked for update
Loaded plugins: fastestmirror
Loading mirror speeds from cached hostfile
 * base: mirrors.bytes.ua
 * epel: mirror.yandex.ru
 * extras: mirrors.bytes.ua
 * updates: mirrors.bytes.ua
Package epel-release-7-13.noarch already installed and latest version
Nothing to do
Loaded plugins: fastestmirror
Loading mirror speeds from cached hostfile
 * base: mirrors.bytes.ua
 * epel: mirror.yandex.ru
 * extras: mirrors.bytes.ua
 * updates: mirrors.bytes.ua
Package vsftpd-3.0.2-28.el7.x86_64 already installed and latest version
Nothing to do
Loaded plugins: fastestmirror
Loading mirror speeds from cached hostfile
 * base: mirrors.bytes.ua
 * epel: fedora.tu-chemnitz.de
 * extras: mirrors.bytes.ua
 * updates: mirrors.bytes.ua
Package ftp-0.17-67.el7.x86_64 already installed and latest version
Nothing to do
Warning: ALREADY_ENABLED: 21:tcp
success
Warning: ALREADY_ENABLED: ftp
success
Warning: ALREADY_ENABLED: 10000-10001:tcp
success
success
user24
user24
New password: 
BAD PASSWORD: The password is a palindrome
Retype new password: 
Changing password for user testuser4.
passwd: all authentication tokens updated successfully.
testuser4
=============ftp===============
Cloning into 'DevOps'...
* dev
  polyakpavlo_25021982
Switched to branch 'polyakpavlo_25021982'
error: the requested upstream branch 'origin/polyakpavlo_25021982' does not exist
hint: 
hint: If you are planning on basing your work on an upstream
hint: branch that already exists at the remote, you may need to
hint: run "git fetch" to retrieve it.
hint: 
hint: If you are planning to push out a new local branch that
hint: will track its remote counterpart, you may want to use
hint: "git push -u" to set the upstream config as you push.
