Logging setup to /tmp/sftp-server-setup_2021-02-22-07:48:45.log
New password: 
BAD PASSWORD: The password is a palindrome
Retype new password: 
Changing password for user user25.
passwd: all authentication tokens updated successfully.
Loaded plugins: fastestmirror
Loading mirror speeds from cached hostfile
 * base: mirrors.bytes.ua
 * epel: mirror.yandex.ru
 * extras: mirrors.bytes.ua
 * updates: mirrors.bytes.ua
No packages marked for update
Loaded plugins: fastestmirror
Loading mirror speeds from cached hostfile
 * base: mirrors.bytes.ua
 * epel: mirrors.mivocloud.com
 * extras: mirrors.bytes.ua
 * updates: mirrors.bytes.ua
Package epel-release-7-13.noarch already installed and latest version
Nothing to do
Loaded plugins: fastestmirror
Loading mirror speeds from cached hostfile
 * base: mirrors.bytes.ua
 * epel: mirror.netcologne.de
 * extras: mirrors.bytes.ua
 * updates: mirrors.bytes.ua
Package vsftpd-3.0.2-28.el7.x86_64 already installed and latest version
Nothing to do
Loaded plugins: fastestmirror
Loading mirror speeds from cached hostfile
 * base: mirrors.bytes.ua
 * epel: mirror.yandex.ru
 * extras: mirrors.bytes.ua
 * updates: mirrors.bytes.ua
Package ftp-0.17-67.el7.x86_64 already installed and latest version
Nothing to do
Warning: ALREADY_ENABLED: 21:tcp
success
Warning: ALREADY_ENABLED: ftp
success
Warning: ALREADY_ENABLED: 10000-10001:tcp
success
success
user25
user25
New password: 
BAD PASSWORD: The password is a palindrome
Retype new password: 
Changing password for user testuser5.
passwd: all authentication tokens updated successfully.
testuser5
=============ftp===============
fatal: destination path 'DevOps' already exists and is not an empty directory.
